[     268ms] [VERBOSE] [DOM] Input elements should have autocomplete attributes (suggested: "current-password"): (More info: https://goo.gl/9p2vKq) %o @ http://localhost:3000/register:0
[     362ms] [INFO] %cDownload the React DevTools for a better development experience: https://react.dev/link/react-devtools font-weight:bold @ http://localhost:3000/_next/static/chunks/node_modules_next_dist_1ybzpk2._.js:2477
[     447ms] [LOG] [HMR] connected @ http://localhost:3000/_next/static/chunks/node_modules_next_dist_1ybzpk2._.js:2477
[   57647ms] [WARNING] WebSocket connection to 'ws://localhost:8000/ws/game/10/?token=1369b985a462e67846e3c399449903083cc189ad' failed: WebSocket is closed before the connection is established. @ http://localhost:3000/_next/static/chunks/_17dxgbw._.js:802
[  557083ms] [LOG] [Fast Refresh] rebuilding @ http://localhost:3000/_next/static/chunks/node_modules_next_dist_1ybzpk2._.js:2477
[  557270ms] [LOG] [Fast Refresh] done in 63ms @ http://localhost:3000/_next/static/chunks/node_modules_next_dist_1ybzpk2._.js:2477
[  557382ms] [LOG] [Fast Refresh] rebuilding @ http://localhost:3000/_next/static/chunks/node_modules_next_dist_1ybzpk2._.js:2477
[  557433ms] [LOG] [Fast Refresh] done in 160ms @ http://localhost:3000/_next/static/chunks/node_modules_next_dist_1ybzpk2._.js:2477
[  563635ms] [LOG] [Fast Refresh] rebuilding @ http://localhost:3000/_next/static/chunks/node_modules_next_dist_1ybzpk2._.js:2477
[  563712ms] [LOG] [Fast Refresh] done in 125ms @ http://localhost:3000/_next/static/chunks/node_modules_next_dist_1ybzpk2._.js:2477
[  563827ms] [LOG] [Fast Refresh] rebuilding @ http://localhost:3000/_next/static/chunks/node_modules_next_dist_1ybzpk2._.js:2477
[  564007ms] [ERROR] WebSocket connection to 'ws://localhost:8000/ws/game/10/?token=1369b985a462e67846e3c399449903083cc189ad' failed: Error during WebSocket handshake: Unexpected response code: 403 @ http://localhost:3000/_next/static/chunks/_17dxgbw._.js?id=%255Bproject%255D%252Fapp%252Fgame%252F%255Bid%255D%252Fpage.tsx+%255Bapp-client%255D+%2528ecmascript%2529:79
[  564009ms] [LOG] [Fast Refresh] done in 296ms @ http://localhost:3000/_next/static/chunks/node_modules_next_dist_1ybzpk2._.js:2477
[  565537ms] [LOG] [Fast Refresh] rebuilding @ http://localhost:3000/_next/static/chunks/node_modules_next_dist_1ybzpk2._.js:2477
[  565658ms] [LOG] [Fast Refresh] done in 69ms @ http://localhost:3000/_next/static/chunks/node_modules_next_dist_1ybzpk2._.js:2477
[  565768ms] [LOG] [Fast Refresh] rebuilding @ http://localhost:3000/_next/static/chunks/node_modules_next_dist_1ybzpk2._.js:2477
[  565801ms] [LOG] [Fast Refresh] done in 140ms @ http://localhost:3000/_next/static/chunks/node_modules_next_dist_1ybzpk2._.js:2477
[  566327ms] [ERROR] WebSocket connection to 'ws://localhost:8000/ws/game/10/?token=1369b985a462e67846e3c399449903083cc189ad' failed: Error during WebSocket handshake: Unexpected response code: 403 @ http://localhost:3000/_next/static/chunks/_17dxgbw._.js?id=%255Bproject%255D%252Fapp%252Fgame%252F%255Bid%255D%252Fpage.tsx+%255Bapp-client%255D+%2528ecmascript%2529:79
[  567934ms] [LOG] [Fast Refresh] rebuilding @ http://localhost:3000/_next/static/chunks/node_modules_next_dist_1ybzpk2._.js:2477
[  567987ms] [LOG] [Fast Refresh] done in 66ms @ http://localhost:3000/_next/static/chunks/node_modules_next_dist_1ybzpk2._.js:2477
[  568207ms] [LOG] [Fast Refresh] rebuilding @ http://localhost:3000/_next/static/chunks/node_modules_next_dist_1ybzpk2._.js:2477
[  568275ms] [LOG] [Fast Refresh] done in 182ms @ http://localhost:3000/_next/static/chunks/node_modules_next_dist_1ybzpk2._.js:2477
[  568646ms] [ERROR] WebSocket connection to 'ws://localhost:8000/ws/game/10/?token=1369b985a462e67846e3c399449903083cc189ad' failed: Error during WebSocket handshake: Unexpected response code: 403 @ http://localhost:3000/_next/static/chunks/_17dxgbw._.js?id=%255Bproject%255D%252Fapp%252Fgame%252F%255Bid%255D%252Fpage.tsx+%255Bapp-client%255D+%2528ecmascript%2529:79
[  570975ms] [ERROR] WebSocket connection to 'ws://localhost:8000/ws/game/10/?token=1369b985a462e67846e3c399449903083cc189ad' failed: Error during WebSocket handshake: Unexpected response code: 403 @ http://localhost:3000/_next/static/chunks/_17dxgbw._.js?id=%255Bproject%255D%252Fapp%252Fgame%252F%255Bid%255D%252Fpage.tsx+%255Bapp-client%255D+%2528ecmascript%2529:79
[  571351ms] [LOG] [Fast Refresh] rebuilding @ http://localhost:3000/_next/static/chunks/node_modules_next_dist_1ybzpk2._.js:2477
[  571554ms] [LOG] [Fast Refresh] done in 120ms @ http://localhost:3000/_next/static/chunks/node_modules_next_dist_1ybzpk2._.js:2477
[  571666ms] [LOG] [Fast Refresh] rebuilding @ http://localhost:3000/_next/static/chunks/node_modules_next_dist_1ybzpk2._.js:2477
[  571708ms] [LOG] [Fast Refresh] done in 150ms @ http://localhost:3000/_next/static/chunks/node_modules_next_dist_1ybzpk2._.js:2477
[  572737ms] [LOG] [Fast Refresh] rebuilding @ http://localhost:3000/_next/static/chunks/node_modules_next_dist_1ybzpk2._.js:2477
[  572737ms] [LOG] [Fast Refresh] done in 116ms @ http://localhost:3000/_next/static/chunks/node_modules_next_dist_1ybzpk2._.js:2477
[  573304ms] [ERROR] WebSocket connection to 'ws://localhost:8000/ws/game/10/?token=1369b985a462e67846e3c399449903083cc189ad' failed: Error during WebSocket handshake: Unexpected response code: 403 @ http://localhost:3000/_next/static/chunks/_17dxgbw._.js?id=%255Bproject%255D%252Fapp%252Fgame%252F%255Bid%255D%252Fpage.tsx+%255Bapp-client%255D+%2528ecmascript%2529:79
[  574162ms] [LOG] [Fast Refresh] rebuilding @ http://localhost:3000/_next/static/chunks/node_modules_next_dist_1ybzpk2._.js:2477
[  574419ms] [LOG] [Fast Refresh] done in 51ms @ http://localhost:3000/_next/static/chunks/node_modules_next_dist_1ybzpk2._.js:2477
[  575036ms] [LOG] [Fast Refresh] rebuilding @ http://localhost:3000/_next/static/chunks/node_modules_next_dist_1ybzpk2._.js:2477
[  575204ms] [LOG] [Fast Refresh] done in 277ms @ http://localhost:3000/_next/static/chunks/node_modules_next_dist_1ybzpk2._.js:2477
[  575651ms] [ERROR] WebSocket connection to 'ws://localhost:8000/ws/game/10/?token=1369b985a462e67846e3c399449903083cc189ad' failed: Error during WebSocket handshake: Unexpected response code: 403 @ http://localhost:3000/_next/static/chunks/_17dxgbw._.js?id=%255Bproject%255D%252Fapp%252Fgame%252F%255Bid%255D%252Fpage.tsx+%255Bapp-client%255D+%2528ecmascript%2529:79
[  577988ms] [ERROR] WebSocket connection to 'ws://localhost:8000/ws/game/10/?token=1369b985a462e67846e3c399449903083cc189ad' failed: Error during WebSocket handshake: Unexpected response code: 403 @ http://localhost:3000/_next/static/chunks/_17dxgbw._.js?id=%255Bproject%255D%252Fapp%252Fgame%252F%255Bid%255D%252Fpage.tsx+%255Bapp-client%255D+%2528ecmascript%2529:79
[  580334ms] [ERROR] WebSocket connection to 'ws://localhost:8000/ws/game/10/?token=1369b985a462e67846e3c399449903083cc189ad' failed: Error during WebSocket handshake: Unexpected response code: 403 @ http://localhost:3000/_next/static/chunks/_17dxgbw._.js?id=%255Bproject%255D%252Fapp%252Fgame%252F%255Bid%255D%252Fpage.tsx+%255Bapp-client%255D+%2528ecmascript%2529:79
[  582676ms] [ERROR] WebSocket connection to 'ws://localhost:8000/ws/game/10/?token=1369b985a462e67846e3c399449903083cc189ad' failed: Error during WebSocket handshake: Unexpected response code: 403 @ http://localhost:3000/_next/static/chunks/_17dxgbw._.js?id=%255Bproject%255D%252Fapp%252Fgame%252F%255Bid%255D%252Fpage.tsx+%255Bapp-client%255D+%2528ecmascript%2529:79
[  585037ms] [ERROR] WebSocket connection to 'ws://localhost:8000/ws/game/10/?token=1369b985a462e67846e3c399449903083cc189ad' failed: Error during WebSocket handshake: Unexpected response code: 403 @ http://localhost:3000/_next/static/chunks/_17dxgbw._.js?id=%255Bproject%255D%252Fapp%252Fgame%252F%255Bid%255D%252Fpage.tsx+%255Bapp-client%255D+%2528ecmascript%2529:79
[  587385ms] [ERROR] WebSocket connection to 'ws://localhost:8000/ws/game/10/?token=1369b985a462e67846e3c399449903083cc189ad' failed: Error during WebSocket handshake: Unexpected response code: 403 @ http://localhost:3000/_next/static/chunks/_17dxgbw._.js?id=%255Bproject%255D%252Fapp%252Fgame%252F%255Bid%255D%252Fpage.tsx+%255Bapp-client%255D+%2528ecmascript%2529:79
[  588385ms] [LOG] [Fast Refresh] rebuilding @ http://localhost:3000/_next/static/chunks/node_modules_next_dist_1ybzpk2._.js:2477
[  588451ms] [LOG] [Fast Refresh] done in 38ms @ http://localhost:3000/_next/static/chunks/node_modules_next_dist_1ybzpk2._.js:2477
[  589773ms] [ERROR] WebSocket connection to 'ws://localhost:8000/ws/game/10/?token=1369b985a462e67846e3c399449903083cc189ad' failed: Error during WebSocket handshake: Unexpected response code: 403 @ http://localhost:3000/_next/static/chunks/_17dxgbw._.js?id=%255Bproject%255D%252Fapp%252Fgame%252F%255Bid%255D%252Fpage.tsx+%255Bapp-client%255D+%2528ecmascript%2529:79
[  591490ms] [LOG] [Fast Refresh] rebuilding @ http://localhost:3000/_next/static/chunks/node_modules_next_dist_1ybzpk2._.js:2477
[  591521ms] [LOG] [Fast Refresh] done in 24ms @ http://localhost:3000/_next/static/chunks/node_modules_next_dist_1ybzpk2._.js:2477
[  592391ms] [ERROR] WebSocket connection to 'ws://localhost:8000/ws/game/10/?token=1369b985a462e67846e3c399449903083cc189ad' failed: Error during WebSocket handshake: Unexpected response code: 403 @ http://localhost:3000/_next/static/chunks/_17dxgbw._.js?id=%255Bproject%255D%252Fapp%252Fgame%252F%255Bid%255D%252Fpage.tsx+%255Bapp-client%255D+%2528ecmascript%2529:79
[  594902ms] [ERROR] WebSocket connection to 'ws://localhost:8000/ws/game/10/?token=1369b985a462e67846e3c399449903083cc189ad' failed: Error during WebSocket handshake: Unexpected response code: 403 @ http://localhost:3000/_next/static/chunks/_17dxgbw._.js?id=%255Bproject%255D%252Fapp%252Fgame%252F%255Bid%255D%252Fpage.tsx+%255Bapp-client%255D+%2528ecmascript%2529:79
[  597625ms] [ERROR] WebSocket connection to 'ws://localhost:8000/ws/game/10/?token=1369b985a462e67846e3c399449903083cc189ad' failed: Error during WebSocket handshake: Unexpected response code: 403 @ http://localhost:3000/_next/static/chunks/_17dxgbw._.js?id=%255Bproject%255D%252Fapp%252Fgame%252F%255Bid%255D%252Fpage.tsx+%255Bapp-client%255D+%2528ecmascript%2529:79
[  601787ms] [ERROR] WebSocket connection to 'ws://localhost:8000/ws/game/10/?token=1369b985a462e67846e3c399449903083cc189ad' failed: Error during WebSocket handshake: Unexpected response code: 403 @ http://localhost:3000/_next/static/chunks/_17dxgbw._.js?id=%255Bproject%255D%252Fapp%252Fgame%252F%255Bid%255D%252Fpage.tsx+%255Bapp-client%255D+%2528ecmascript%2529:79
[  602960ms] [LOG] [Fast Refresh] rebuilding @ http://localhost:3000/_next/static/chunks/node_modules_next_dist_1ybzpk2._.js:2477
[  602961ms] [LOG] [Fast Refresh] done in 107ms @ http://localhost:3000/_next/static/chunks/node_modules_next_dist_1ybzpk2._.js:2477
[  606736ms] [ERROR] WebSocket connection to 'ws://localhost:8000/ws/game/10/?token=1369b985a462e67846e3c399449903083cc189ad' failed: Error during WebSocket handshake: Unexpected response code: 403 @ http://localhost:3000/_next/static/chunks/_17dxgbw._.js?id=%255Bproject%255D%252Fapp%252Fgame%252F%255Bid%255D%252Fpage.tsx+%255Bapp-client%255D+%2528ecmascript%2529:79
[  610337ms] [ERROR] WebSocket connection to 'ws://localhost:8000/ws/game/10/?token=1369b985a462e67846e3c399449903083cc189ad' failed: Error during WebSocket handshake: Unexpected response code: 403 @ http://localhost:3000/_next/static/chunks/_17dxgbw._.js?id=%255Bproject%255D%252Fapp%252Fgame%252F%255Bid%255D%252Fpage.tsx+%255Bapp-client%255D+%2528ecmascript%2529:79
[  617213ms] [ERROR] WebSocket connection to 'ws://localhost:8000/ws/game/10/?token=1369b985a462e67846e3c399449903083cc189ad' failed: Error during WebSocket handshake: Unexpected response code: 403 @ http://localhost:3000/_next/static/chunks/_17dxgbw._.js?id=%255Bproject%255D%252Fapp%252Fgame%252F%255Bid%255D%252Fpage.tsx+%255Bapp-client%255D+%2528ecmascript%2529:79
[  622416ms] [ERROR] WebSocket connection to 'ws://localhost:8000/ws/game/10/?token=1369b985a462e67846e3c399449903083cc189ad' failed: Error during WebSocket handshake: Unexpected response code: 403 @ http://localhost:3000/_next/static/chunks/_17dxgbw._.js?id=%255Bproject%255D%252Fapp%252Fgame%252F%255Bid%255D%252Fpage.tsx+%255Bapp-client%255D+%2528ecmascript%2529:79
[  627098ms] [ERROR] WebSocket connection to 'ws://localhost:8000/ws/game/10/?token=1369b985a462e67846e3c399449903083cc189ad' failed: Error during WebSocket handshake: Unexpected response code: 403 @ http://localhost:3000/_next/static/chunks/_17dxgbw._.js?id=%255Bproject%255D%252Fapp%252Fgame%252F%255Bid%255D%252Fpage.tsx+%255Bapp-client%255D+%2528ecmascript%2529:79
[  632333ms] [ERROR] WebSocket connection to 'ws://localhost:8000/ws/game/10/?token=1369b985a462e67846e3c399449903083cc189ad' failed: Error during WebSocket handshake: Unexpected response code: 403 @ http://localhost:3000/_next/static/chunks/_17dxgbw._.js?id=%255Bproject%255D%252Fapp%252Fgame%252F%255Bid%255D%252Fpage.tsx+%255Bapp-client%255D+%2528ecmascript%2529:79
[  636490ms] [ERROR] WebSocket connection to 'ws://localhost:8000/ws/game/10/?token=1369b985a462e67846e3c399449903083cc189ad' failed: Error during WebSocket handshake: Unexpected response code: 403 @ http://localhost:3000/_next/static/chunks/_17dxgbw._.js?id=%255Bproject%255D%252Fapp%252Fgame%252F%255Bid%255D%252Fpage.tsx+%255Bapp-client%255D+%2528ecmascript%2529:79
[  641956ms] [ERROR] WebSocket connection to 'ws://localhost:8000/ws/game/10/?token=1369b985a462e67846e3c399449903083cc189ad' failed: Error during WebSocket handshake: Unexpected response code: 403 @ http://localhost:3000/_next/static/chunks/_17dxgbw._.js?id=%255Bproject%255D%252Fapp%252Fgame%252F%255Bid%255D%252Fpage.tsx+%255Bapp-client%255D+%2528ecmascript%2529:79
[  648253ms] [ERROR] WebSocket connection to 'ws://localhost:8000/ws/game/10/?token=1369b985a462e67846e3c399449903083cc189ad' failed: Error during WebSocket handshake: Unexpected response code: 403 @ http://localhost:3000/_next/static/chunks/_17dxgbw._.js?id=%255Bproject%255D%252Fapp%252Fgame%252F%255Bid%255D%252Fpage.tsx+%255Bapp-client%255D+%2528ecmascript%2529:79
[  652708ms] [ERROR] WebSocket connection to 'ws://localhost:8000/ws/game/10/?token=1369b985a462e67846e3c399449903083cc189ad' failed: Error during WebSocket handshake: Unexpected response code: 403 @ http://localhost:3000/_next/static/chunks/_17dxgbw._.js?id=%255Bproject%255D%252Fapp%252Fgame%252F%255Bid%255D%252Fpage.tsx+%255Bapp-client%255D+%2528ecmascript%2529:79
[  656712ms] [ERROR] WebSocket connection to 'ws://localhost:8000/ws/game/10/?token=1369b985a462e67846e3c399449903083cc189ad' failed: Error during WebSocket handshake: Unexpected response code: 403 @ http://localhost:3000/_next/static/chunks/_17dxgbw._.js?id=%255Bproject%255D%252Fapp%252Fgame%252F%255Bid%255D%252Fpage.tsx+%255Bapp-client%255D+%2528ecmascript%2529:79
[  660042ms] [ERROR] WebSocket connection to 'ws://localhost:8000/ws/game/10/?token=1369b985a462e67846e3c399449903083cc189ad' failed: Error during WebSocket handshake: Unexpected response code: 403 @ http://localhost:3000/_next/static/chunks/_17dxgbw._.js?id=%255Bproject%255D%252Fapp%252Fgame%252F%255Bid%255D%252Fpage.tsx+%255Bapp-client%255D+%2528ecmascript%2529:79
[  665142ms] [ERROR] WebSocket connection to 'ws://localhost:8000/ws/game/10/?token=1369b985a462e67846e3c399449903083cc189ad' failed: Error during WebSocket handshake: Unexpected response code: 403 @ http://localhost:3000/_next/static/chunks/_17dxgbw._.js?id=%255Bproject%255D%252Fapp%252Fgame%252F%255Bid%255D%252Fpage.tsx+%255Bapp-client%255D+%2528ecmascript%2529:79
[  671419ms] [ERROR] WebSocket connection to 'ws://localhost:8000/ws/game/10/?token=1369b985a462e67846e3c399449903083cc189ad' failed: Error during WebSocket handshake: Unexpected response code: 403 @ http://localhost:3000/_next/static/chunks/_17dxgbw._.js?id=%255Bproject%255D%252Fapp%252Fgame%252F%255Bid%255D%252Fpage.tsx+%255Bapp-client%255D+%2528ecmascript%2529:79
[  677421ms] [ERROR] WebSocket connection to 'ws://localhost:8000/ws/game/10/?token=1369b985a462e67846e3c399449903083cc189ad' failed: Error during WebSocket handshake: Unexpected response code: 403 @ http://localhost:3000/_next/static/chunks/_17dxgbw._.js?id=%255Bproject%255D%252Fapp%252Fgame%252F%255Bid%255D%252Fpage.tsx+%255Bapp-client%255D+%2528ecmascript%2529:79
[  683360ms] [ERROR] WebSocket connection to 'ws://localhost:8000/ws/game/10/?token=1369b985a462e67846e3c399449903083cc189ad' failed: Error during WebSocket handshake: Unexpected response code: 403 @ http://localhost:3000/_next/static/chunks/_17dxgbw._.js?id=%255Bproject%255D%252Fapp%252Fgame%252F%255Bid%255D%252Fpage.tsx+%255Bapp-client%255D+%2528ecmascript%2529:79
[  685688ms] [ERROR] WebSocket connection to 'ws://localhost:8000/ws/game/10/?token=1369b985a462e67846e3c399449903083cc189ad' failed: Error during WebSocket handshake: Unexpected response code: 403 @ http://localhost:3000/_next/static/chunks/_17dxgbw._.js?id=%255Bproject%255D%252Fapp%252Fgame%252F%255Bid%255D%252Fpage.tsx+%255Bapp-client%255D+%2528ecmascript%2529:79
[  688011ms] [ERROR] WebSocket connection to 'ws://localhost:8000/ws/game/10/?token=1369b985a462e67846e3c399449903083cc189ad' failed: Error during WebSocket handshake: Unexpected response code: 403 @ http://localhost:3000/_next/static/chunks/_17dxgbw._.js?id=%255Bproject%255D%252Fapp%252Fgame%252F%255Bid%255D%252Fpage.tsx+%255Bapp-client%255D+%2528ecmascript%2529:79
[  690323ms] [ERROR] WebSocket connection to 'ws://localhost:8000/ws/game/10/?token=1369b985a462e67846e3c399449903083cc189ad' failed: Error during WebSocket handshake: Unexpected response code: 403 @ http://localhost:3000/_next/static/chunks/_17dxgbw._.js?id=%255Bproject%255D%252Fapp%252Fgame%252F%255Bid%255D%252Fpage.tsx+%255Bapp-client%255D+%2528ecmascript%2529:79
[  692645ms] [ERROR] WebSocket connection to 'ws://localhost:8000/ws/game/10/?token=1369b985a462e67846e3c399449903083cc189ad' failed: Error during WebSocket handshake: Unexpected response code: 403 @ http://localhost:3000/_next/static/chunks/_17dxgbw._.js?id=%255Bproject%255D%252Fapp%252Fgame%252F%255Bid%255D%252Fpage.tsx+%255Bapp-client%255D+%2528ecmascript%2529:79
[  694989ms] [ERROR] WebSocket connection to 'ws://localhost:8000/ws/game/10/?token=1369b985a462e67846e3c399449903083cc189ad' failed: Error during WebSocket handshake: Unexpected response code: 403 @ http://localhost:3000/_next/static/chunks/_17dxgbw._.js?id=%255Bproject%255D%252Fapp%252Fgame%252F%255Bid%255D%252Fpage.tsx+%255Bapp-client%255D+%2528ecmascript%2529:79
[  697320ms] [ERROR] WebSocket connection to 'ws://localhost:8000/ws/game/10/?token=1369b985a462e67846e3c399449903083cc189ad' failed: Error during WebSocket handshake: Unexpected response code: 403 @ http://localhost:3000/_next/static/chunks/_17dxgbw._.js?id=%255Bproject%255D%252Fapp%252Fgame%252F%255Bid%255D%252Fpage.tsx+%255Bapp-client%255D+%2528ecmascript%2529:79
[  699656ms] [ERROR] WebSocket connection to 'ws://localhost:8000/ws/game/10/?token=1369b985a462e67846e3c399449903083cc189ad' failed: Error during WebSocket handshake: Unexpected response code: 403 @ http://localhost:3000/_next/static/chunks/_17dxgbw._.js?id=%255Bproject%255D%252Fapp%252Fgame%252F%255Bid%255D%252Fpage.tsx+%255Bapp-client%255D+%2528ecmascript%2529:79
[  702006ms] [ERROR] WebSocket connection to 'ws://localhost:8000/ws/game/10/?token=1369b985a462e67846e3c399449903083cc189ad' failed: Error during WebSocket handshake: Unexpected response code: 403 @ http://localhost:3000/_next/static/chunks/_17dxgbw._.js?id=%255Bproject%255D%252Fapp%252Fgame%252F%255Bid%255D%252Fpage.tsx+%255Bapp-client%255D+%2528ecmascript%2529:79
[  704345ms] [ERROR] WebSocket connection to 'ws://localhost:8000/ws/game/10/?token=1369b985a462e67846e3c399449903083cc189ad' failed: Error during WebSocket handshake: Unexpected response code: 403 @ http://localhost:3000/_next/static/chunks/_17dxgbw._.js?id=%255Bproject%255D%252Fapp%252Fgame%252F%255Bid%255D%252Fpage.tsx+%255Bapp-client%255D+%2528ecmascript%2529:79
[  706707ms] [ERROR] WebSocket connection to 'ws://localhost:8000/ws/game/10/?token=1369b985a462e67846e3c399449903083cc189ad' failed: Error during WebSocket handshake: Unexpected response code: 403 @ http://localhost:3000/_next/static/chunks/_17dxgbw._.js?id=%255Bproject%255D%252Fapp%252Fgame%252F%255Bid%255D%252Fpage.tsx+%255Bapp-client%255D+%2528ecmascript%2529:79
[  709101ms] [ERROR] WebSocket connection to 'ws://localhost:8000/ws/game/10/?token=1369b985a462e67846e3c399449903083cc189ad' failed: Error during WebSocket handshake: Unexpected response code: 403 @ http://localhost:3000/_next/static/chunks/_17dxgbw._.js?id=%255Bproject%255D%252Fapp%252Fgame%252F%255Bid%255D%252Fpage.tsx+%255Bapp-client%255D+%2528ecmascript%2529:79
[  711526ms] [ERROR] WebSocket connection to 'ws://localhost:8000/ws/game/10/?token=1369b985a462e67846e3c399449903083cc189ad' failed: Error during WebSocket handshake: Unexpected response code: 403 @ http://localhost:3000/_next/static/chunks/_17dxgbw._.js?id=%255Bproject%255D%252Fapp%252Fgame%252F%255Bid%255D%252Fpage.tsx+%255Bapp-client%255D+%2528ecmascript%2529:79
[  714067ms] [ERROR] WebSocket connection to 'ws://localhost:8000/ws/game/10/?token=1369b985a462e67846e3c399449903083cc189ad' failed: Error during WebSocket handshake: Unexpected response code: 403 @ http://localhost:3000/_next/static/chunks/_17dxgbw._.js?id=%255Bproject%255D%252Fapp%252Fgame%252F%255Bid%255D%252Fpage.tsx+%255Bapp-client%255D+%2528ecmascript%2529:79
[  716879ms] [ERROR] WebSocket connection to 'ws://localhost:8000/ws/game/10/?token=1369b985a462e67846e3c399449903083cc189ad' failed: Error during WebSocket handshake: Unexpected response code: 403 @ http://localhost:3000/_next/static/chunks/_17dxgbw._.js?id=%255Bproject%255D%252Fapp%252Fgame%252F%255Bid%255D%252Fpage.tsx+%255Bapp-client%255D+%2528ecmascript%2529:79
[  720128ms] [ERROR] WebSocket connection to 'ws://localhost:8000/ws/game/10/?token=1369b985a462e67846e3c399449903083cc189ad' failed: Error during WebSocket handshake: Unexpected response code: 403 @ http://localhost:3000/_next/static/chunks/_17dxgbw._.js?id=%255Bproject%255D%252Fapp%252Fgame%252F%255Bid%255D%252Fpage.tsx+%255Bapp-client%255D+%2528ecmascript%2529:79
[  723391ms] [ERROR] WebSocket connection to 'ws://localhost:8000/ws/game/10/?token=1369b985a462e67846e3c399449903083cc189ad' failed: Error during WebSocket handshake: Unexpected response code: 403 @ http://localhost:3000/_next/static/chunks/_17dxgbw._.js?id=%255Bproject%255D%252Fapp%252Fgame%252F%255Bid%255D%252Fpage.tsx+%255Bapp-client%255D+%2528ecmascript%2529:79
[  727338ms] [ERROR] WebSocket connection to 'ws://localhost:8000/ws/game/10/?token=1369b985a462e67846e3c399449903083cc189ad' failed: Error during WebSocket handshake: Unexpected response code: 403 @ http://localhost:3000/_next/static/chunks/_17dxgbw._.js?id=%255Bproject%255D%252Fapp%252Fgame%252F%255Bid%255D%252Fpage.tsx+%255Bapp-client%255D+%2528ecmascript%2529:79
[  734327ms] [ERROR] WebSocket connection to 'ws://localhost:8000/ws/game/10/?token=1369b985a462e67846e3c399449903083cc189ad' failed: Error during WebSocket handshake: Unexpected response code: 403 @ http://localhost:3000/_next/static/chunks/_17dxgbw._.js?id=%255Bproject%255D%252Fapp%252Fgame%252F%255Bid%255D%252Fpage.tsx+%255Bapp-client%255D+%2528ecmascript%2529:79
[  739062ms] [ERROR] WebSocket connection to 'ws://localhost:8000/ws/game/10/?token=1369b985a462e67846e3c399449903083cc189ad' failed: Error during WebSocket handshake: Unexpected response code: 403 @ http://localhost:3000/_next/static/chunks/_17dxgbw._.js?id=%255Bproject%255D%252Fapp%252Fgame%252F%255Bid%255D%252Fpage.tsx+%255Bapp-client%255D+%2528ecmascript%2529:79
[  742411ms] [ERROR] WebSocket connection to 'ws://localhost:8000/ws/game/10/?token=1369b985a462e67846e3c399449903083cc189ad' failed: Error during WebSocket handshake: Unexpected response code: 403 @ http://localhost:3000/_next/static/chunks/_17dxgbw._.js?id=%255Bproject%255D%252Fapp%252Fgame%252F%255Bid%255D%252Fpage.tsx+%255Bapp-client%255D+%2528ecmascript%2529:79
[  745850ms] [ERROR] WebSocket connection to 'ws://localhost:8000/ws/game/10/?token=1369b985a462e67846e3c399449903083cc189ad' failed: Error during WebSocket handshake: Unexpected response code: 403 @ http://localhost:3000/_next/static/chunks/_17dxgbw._.js?id=%255Bproject%255D%252Fapp%252Fgame%252F%255Bid%255D%252Fpage.tsx+%255Bapp-client%255D+%2528ecmascript%2529:79
[  749304ms] [ERROR] WebSocket connection to 'ws://localhost:8000/ws/game/10/?token=1369b985a462e67846e3c399449903083cc189ad' failed: Error during WebSocket handshake: Unexpected response code: 403 @ http://localhost:3000/_next/static/chunks/_17dxgbw._.js?id=%255Bproject%255D%252Fapp%252Fgame%252F%255Bid%255D%252Fpage.tsx+%255Bapp-client%255D+%2528ecmascript%2529:79
[  756605ms] [ERROR] WebSocket connection to 'ws://localhost:8000/ws/game/10/?token=1369b985a462e67846e3c399449903083cc189ad' failed: Error during WebSocket handshake: Unexpected response code: 403 @ http://localhost:3000/_next/static/chunks/_17dxgbw._.js?id=%255Bproject%255D%252Fapp%252Fgame%252F%255Bid%255D%252Fpage.tsx+%255Bapp-client%255D+%2528ecmascript%2529:79
[  762157ms] [ERROR] WebSocket connection to 'ws://localhost:8000/ws/game/10/?token=1369b985a462e67846e3c399449903083cc189ad' failed: Error during WebSocket handshake: Unexpected response code: 403 @ http://localhost:3000/_next/static/chunks/_17dxgbw._.js?id=%255Bproject%255D%252Fapp%252Fgame%252F%255Bid%255D%252Fpage.tsx+%255Bapp-client%255D+%2528ecmascript%2529:79
[  765645ms] [ERROR] WebSocket connection to 'ws://localhost:8000/ws/game/10/?token=1369b985a462e67846e3c399449903083cc189ad' failed: Error during WebSocket handshake: Unexpected response code: 403 @ http://localhost:3000/_next/static/chunks/_17dxgbw._.js?id=%255Bproject%255D%252Fapp%252Fgame%252F%255Bid%255D%252Fpage.tsx+%255Bapp-client%255D+%2528ecmascript%2529:79
[  771280ms] [ERROR] WebSocket connection to 'ws://localhost:8000/ws/game/10/?token=1369b985a462e67846e3c399449903083cc189ad' failed: Error during WebSocket handshake: Unexpected response code: 403 @ http://localhost:3000/_next/static/chunks/_17dxgbw._.js?id=%255Bproject%255D%252Fapp%252Fgame%252F%255Bid%255D%252Fpage.tsx+%255Bapp-client%255D+%2528ecmascript%2529:79
[  776985ms] [ERROR] WebSocket connection to 'ws://localhost:8000/ws/game/10/?token=1369b985a462e67846e3c399449903083cc189ad' failed: Error during WebSocket handshake: Unexpected response code: 403 @ http://localhost:3000/_next/static/chunks/_17dxgbw._.js?id=%255Bproject%255D%252Fapp%252Fgame%252F%255Bid%255D%252Fpage.tsx+%255Bapp-client%255D+%2528ecmascript%2529:79
[  780948ms] [ERROR] WebSocket connection to 'ws://localhost:8000/ws/game/10/?token=1369b985a462e67846e3c399449903083cc189ad' failed: Error during WebSocket handshake: Unexpected response code: 403 @ http://localhost:3000/_next/static/chunks/_17dxgbw._.js?id=%255Bproject%255D%252Fapp%252Fgame%252F%255Bid%255D%252Fpage.tsx+%255Bapp-client%255D+%2528ecmascript%2529:79
[  787188ms] [ERROR] WebSocket connection to 'ws://localhost:8000/ws/game/10/?token=1369b985a462e67846e3c399449903083cc189ad' failed: Error during WebSocket handshake: Unexpected response code: 403 @ http://localhost:3000/_next/static/chunks/_17dxgbw._.js?id=%255Bproject%255D%252Fapp%252Fgame%252F%255Bid%255D%252Fpage.tsx+%255Bapp-client%255D+%2528ecmascript%2529:79
[  790560ms] [ERROR] WebSocket connection to 'ws://localhost:8000/ws/game/10/?token=1369b985a462e67846e3c399449903083cc189ad' failed: Error during WebSocket handshake: Unexpected response code: 403 @ http://localhost:3000/_next/static/chunks/_17dxgbw._.js?id=%255Bproject%255D%252Fapp%252Fgame%252F%255Bid%255D%252Fpage.tsx+%255Bapp-client%255D+%2528ecmascript%2529:79
[  796622ms] [LOG] [Fast Refresh] rebuilding @ http://localhost:3000/_next/static/chunks/node_modules_next_dist_1ybzpk2._.js:2477
[  796886ms] [LOG] [Fast Refresh] done in 39ms @ http://localhost:3000/_next/static/chunks/node_modules_next_dist_1ybzpk2._.js:2477
[  796944ms] ReferenceError: drag is not defined
    at GamePage (http://localhost:3000/_next/static/chunks/_17dxgbw._.js?id=%255Bproject%255D%252Fapp%252Fgame%252F%255Bid%255D%252Fpage.tsx+%255Bapp-client%255D+%2528ecmascript%2529:298:9)
    at Object.react_stack_bottom_frame (http://localhost:3000/_next/static/chunks/node_modules_next_dist_compiled_react-dom_096_9a-._.js:15037:24)
    at renderWithHooks (http://localhost:3000/_next/static/chunks/node_modules_next_dist_compiled_react-dom_096_9a-._.js:4620:24)
    at updateFunctionComponent (http://localhost:3000/_next/static/chunks/node_modules_next_dist_compiled_react-dom_096_9a-._.js:6081:21)
    at beginWork (http://localhost:3000/_next/static/chunks/node_modules_next_dist_compiled_react-dom_096_9a-._.js:6691:24)
    at runWithFiberInDEV (http://localhost:3000/_next/static/chunks/node_modules_next_dist_compiled_react-dom_096_9a-._.js:965:74)
    at performUnitOfWork (http://localhost:3000/_next/static/chunks/node_modules_next_dist_compiled_react-dom_096_9a-._.js:9555:97)
    at workLoopSync (http://localhost:3000/_next/static/chunks/node_modules_next_dist_compiled_react-dom_096_9a-._.js:9449:40)
    at renderRootSync (http://localhost:3000/_next/static/chunks/node_modules_next_dist_compiled_react-dom_096_9a-._.js:9433:13)
    at performWorkOnRoot (http://localhost:3000/_next/static/chunks/node_modules_next_dist_compiled_react-dom_096_9a-._.js:9061:186)
    at performSyncWorkOnRoot (http://localhost:3000/_next/static/chunks/node_modules_next_dist_compiled_react-dom_096_9a-._.js:10263:9)
    at flushSyncWorkAcrossRoots_impl (http://localhost:3000/_next/static/chunks/node_modules_next_dist_compiled_react-dom_096_9a-._.js:10179:316)
    at processRootScheduleInMicrotask (http://localhost:3000/_next/static/chunks/node_modules_next_dist_compiled_react-dom_096_9a-._.js:10200:106)
    at http://localhost:3000/_next/static/chunks/node_modules_next_dist_compiled_react-dom_096_9a-._.js:10274:158
[  796917ms] [WARNING] WebSocket connection to 'ws://localhost:8000/ws/game/10/?token=1369b985a462e67846e3c399449903083cc189ad' failed: WebSocket is closed before the connection is established. @ http://localhost:3000/_next/static/chunks/_17dxgbw._.js?id=%255Bproject%255D%252Fapp%252Fgame%252F%255Bid%255D%252Fpage.tsx+%255Bapp-client%255D+%2528ecmascript%2529:106
[  807988ms] [LOG] [Fast Refresh] rebuilding @ http://localhost:3000/_next/static/chunks/node_modules_next_dist_1ybzpk2._.js:2477
[  808038ms] [WARNING] [Fast Refresh] performing full reload because your application had an unrecoverable error @ http://localhost:3000/_next/static/chunks/node_modules_next_dist_1ybzpk2._.js:2477
[  808120ms] ReferenceError: hover is not defined
    at GamePage (http://localhost:3000/_next/static/chunks/_17dxgbw._.js?id=%255Bproject%255D%252Fapp%252Fgame%252F%255Bid%255D%252Fpage.tsx+%255Bapp-client%255D+%2528ecmascript%2529:365:9)
    at Object.react_stack_bottom_frame (http://localhost:3000/_next/static/chunks/node_modules_next_dist_compiled_react-dom_096_9a-._.js:15037:24)
    at renderWithHooks (http://localhost:3000/_next/static/chunks/node_modules_next_dist_compiled_react-dom_096_9a-._.js:4620:24)
    at updateFunctionComponent (http://localhost:3000/_next/static/chunks/node_modules_next_dist_compiled_react-dom_096_9a-._.js:6081:21)
    at beginWork (http://localhost:3000/_next/static/chunks/node_modules_next_dist_compiled_react-dom_096_9a-._.js:6691:24)
    at runWithFiberInDEV (http://localhost:3000/_next/static/chunks/node_modules_next_dist_compiled_react-dom_096_9a-._.js:965:74)
    at performUnitOfWork (http://localhost:3000/_next/static/chunks/node_modules_next_dist_compiled_react-dom_096_9a-._.js:9555:97)
    at workLoopSync (http://localhost:3000/_next/static/chunks/node_modules_next_dist_compiled_react-dom_096_9a-._.js:9449:40)
    at renderRootSync (http://localhost:3000/_next/static/chunks/node_modules_next_dist_compiled_react-dom_096_9a-._.js:9433:13)
    at performWorkOnRoot (http://localhost:3000/_next/static/chunks/node_modules_next_dist_compiled_react-dom_096_9a-._.js:9098:47)
    at performSyncWorkOnRoot (http://localhost:3000/_next/static/chunks/node_modules_next_dist_compiled_react-dom_096_9a-._.js:10263:9)
    at flushSyncWorkAcrossRoots_impl (http://localhost:3000/_next/static/chunks/node_modules_next_dist_compiled_react-dom_096_9a-._.js:10179:316)
    at flushSyncWork$1 (http://localhost:3000/_next/static/chunks/node_modules_next_dist_compiled_react-dom_096_9a-._.js:9230:86)
    at Object.scheduleRefresh (http://localhost:3000/_next/static/chunks/node_modules_next_dist_compiled_react-dom_096_9a-._.js:299:13)
    at http://localhost:3000/_next/static/chunks/node_modules_next_dist_compiled_1amofcm._.js:391:33
    at Set.forEach (<anonymous>)
    at Object.performReactRefresh (http://localhost:3000/_next/static/chunks/node_modules_next_dist_compiled_1amofcm._.js:384:38)
    at applyUpdate (http://localhost:3000/_next/static/chunks/node_modules_next_dist_compiled_1amofcm._.js:878:31)
    at http://localhost:3000/_next/static/chunks/node_modules_next_dist_compiled_1amofcm._.js:886:13
[  808120ms] [LOG] [Fast Refresh] done in 141ms @ http://localhost:3000/_next/static/chunks/node_modules_next_dist_1ybzpk2._.js:2477
[  808252ms] [LOG] [Fast Refresh] rebuilding @ http://localhost:3000/_next/static/chunks/node_modules_next_dist_1ybzpk2._.js:2477
[  808495ms] [LOG] [Fast Refresh] done in 355ms @ http://localhost:3000/_next/static/chunks/node_modules_next_dist_1ybzpk2._.js:2477
[  808609ms] [LOG] [Fast Refresh] rebuilding @ http://localhost:3000/_next/static/chunks/node_modules_next_dist_1ybzpk2._.js:2477
[  808659ms] [LOG] [Fast Refresh] done in 164ms @ http://localhost:3000/_next/static/chunks/node_modules_next_dist_1ybzpk2._.js:2477
[  808692ms] [ERROR] Failed to load resource: the server responded with a status of 500 (Internal Server Error) @ http://localhost:3000/game/10:0
[  808932ms] [INFO] %cDownload the React DevTools for a better development experience: https://react.dev/link/react-devtools font-weight:bold @ http://localhost:3000/_next/static/chunks/node_modules_next_dist_1ybzpk2._.js:2477
[  809011ms] [LOG] [HMR] connected @ http://localhost:3000/_next/static/chunks/node_modules_next_dist_1ybzpk2._.js:2477
[  809326ms] ReferenceError: hover is not defined
    at GamePage (http://localhost:3000/_next/static/chunks/_17dxgbw._.js:1058:9)
    at Object.react_stack_bottom_frame (http://localhost:3000/_next/static/chunks/node_modules_next_dist_compiled_react-dom_096_9a-._.js:15037:24)
    at renderWithHooks (http://localhost:3000/_next/static/chunks/node_modules_next_dist_compiled_react-dom_096_9a-._.js:4620:24)
    at updateFunctionComponent (http://localhost:3000/_next/static/chunks/node_modules_next_dist_compiled_react-dom_096_9a-._.js:6081:21)
    at beginWork (http://localhost:3000/_next/static/chunks/node_modules_next_dist_compiled_react-dom_096_9a-._.js:6691:24)
    at runWithFiberInDEV (http://localhost:3000/_next/static/chunks/node_modules_next_dist_compiled_react-dom_096_9a-._.js:965:74)
    at performUnitOfWork (http://localhost:3000/_next/static/chunks/node_modules_next_dist_compiled_react-dom_096_9a-._.js:9555:97)
    at workLoopSync (http://localhost:3000/_next/static/chunks/node_modules_next_dist_compiled_react-dom_096_9a-._.js:9449:40)
    at renderRootSync (http://localhost:3000/_next/static/chunks/node_modules_next_dist_compiled_react-dom_096_9a-._.js:9433:13)
    at performWorkOnRoot (http://localhost:3000/_next/static/chunks/node_modules_next_dist_compiled_react-dom_096_9a-._.js:9098:47)
    at performWorkOnRootViaSchedulerTask (http://localhost:3000/_next/static/chunks/node_modules_next_dist_compiled_react-dom_096_9a-._.js:10255:9)
    at MessagePort.performWorkUntilDeadline (http://localhost:3000/_next/static/chunks/node_modules_next_dist_compiled_1amofcm._.js:2647:64)
[  809440ms] [LOG] [Fast Refresh] rebuilding @ http://localhost:3000/_next/static/chunks/node_modules_next_dist_1ybzpk2._.js:2477
[  809679ms] [LOG] [Fast Refresh] done in 350ms @ http://localhost:3000/_next/static/chunks/node_modules_next_dist_1ybzpk2._.js:2477
[  812820ms] [LOG] [Fast Refresh] rebuilding @ http://localhost:3000/_next/static/chunks/node_modules_next_dist_1ybzpk2._.js:2477
[  812853ms] [WARNING] [Fast Refresh] performing full reload because your application had an unrecoverable error @ http://localhost:3000/_next/static/chunks/node_modules_next_dist_1ybzpk2._.js:2477
[  812872ms] [LOG] [Fast Refresh] done in 73ms @ http://localhost:3000/_next/static/chunks/node_modules_next_dist_1ybzpk2._.js:2477
[  812985ms] [LOG] [Fast Refresh] rebuilding @ http://localhost:3000/_next/static/chunks/node_modules_next_dist_1ybzpk2._.js:2477
[  813074ms] [LOG] [Fast Refresh] done in 192ms @ http://localhost:3000/_next/static/chunks/node_modules_next_dist_1ybzpk2._.js:2477
[  813279ms] [INFO] %cDownload the React DevTools for a better development experience: https://react.dev/link/react-devtools font-weight:bold @ http://localhost:3000/_next/static/chunks/node_modules_next_dist_1ybzpk2._.js:2477
[  813330ms] [LOG] [HMR] connected @ http://localhost:3000/_next/static/chunks/node_modules_next_dist_1ybzpk2._.js:2477
[  813847ms] [ERROR] WebSocket connection to 'ws://localhost:8000/ws/game/10/?token=1369b985a462e67846e3c399449903083cc189ad' failed: Error during WebSocket handshake: Unexpected response code: 403 @ http://localhost:3000/_next/static/chunks/_17dxgbw._.js:769
[  814157ms] [LOG] [Fast Refresh] rebuilding @ http://localhost:3000/_next/static/chunks/node_modules_next_dist_1ybzpk2._.js:2477
[  814185ms] [LOG] [Fast Refresh] done in 134ms @ http://localhost:3000/_next/static/chunks/node_modules_next_dist_1ybzpk2._.js:2477
[  816174ms] [ERROR] WebSocket connection to 'ws://localhost:8000/ws/game/10/?token=1369b985a462e67846e3c399449903083cc189ad' failed: Error during WebSocket handshake: Unexpected response code: 403 @ http://localhost:3000/_next/static/chunks/_17dxgbw._.js:769
[  818497ms] [ERROR] WebSocket connection to 'ws://localhost:8000/ws/game/10/?token=1369b985a462e67846e3c399449903083cc189ad' failed: Error during WebSocket handshake: Unexpected response code: 403 @ http://localhost:3000/_next/static/chunks/_17dxgbw._.js:769
[  820807ms] [ERROR] WebSocket connection to 'ws://localhost:8000/ws/game/10/?token=1369b985a462e67846e3c399449903083cc189ad' failed: Error during WebSocket handshake: Unexpected response code: 403 @ http://localhost:3000/_next/static/chunks/_17dxgbw._.js:769
[  823128ms] [ERROR] WebSocket connection to 'ws://localhost:8000/ws/game/10/?token=1369b985a462e67846e3c399449903083cc189ad' failed: Error during WebSocket handshake: Unexpected response code: 403 @ http://localhost:3000/_next/static/chunks/_17dxgbw._.js:769
[  825458ms] [ERROR] WebSocket connection to 'ws://localhost:8000/ws/game/10/?token=1369b985a462e67846e3c399449903083cc189ad' failed: Error during WebSocket handshake: Unexpected response code: 403 @ http://localhost:3000/_next/static/chunks/_17dxgbw._.js:769
[  825624ms] [LOG] [Fast Refresh] rebuilding @ http://localhost:3000/_next/static/chunks/node_modules_next_dist_1ybzpk2._.js:2477
[  825839ms] [LOG] [Fast Refresh] done in 62ms @ http://localhost:3000/_next/static/chunks/node_modules_next_dist_1ybzpk2._.js:2477
[  827784ms] [ERROR] WebSocket connection to 'ws://localhost:8000/ws/game/10/?token=1369b985a462e67846e3c399449903083cc189ad' failed: Error during WebSocket handshake: Unexpected response code: 403 @ http://localhost:3000/_next/static/chunks/_17dxgbw._.js:769
[  828437ms] [LOG] [Fast Refresh] rebuilding @ http://localhost:3000/_next/static/chunks/node_modules_next_dist_1ybzpk2._.js:2477
[  828680ms] [LOG] [Fast Refresh] done in 68ms @ http://localhost:3000/_next/static/chunks/node_modules_next_dist_1ybzpk2._.js:2477
[  830107ms] [ERROR] WebSocket connection to 'ws://localhost:8000/ws/game/10/?token=1369b985a462e67846e3c399449903083cc189ad' failed: Error during WebSocket handshake: Unexpected response code: 403 @ http://localhost:3000/_next/static/chunks/_17dxgbw._.js:769
[  832425ms] [ERROR] WebSocket connection to 'ws://localhost:8000/ws/game/10/?token=1369b985a462e67846e3c399449903083cc189ad' failed: Error during WebSocket handshake: Unexpected response code: 403 @ http://localhost:3000/_next/static/chunks/_17dxgbw._.js:769
[  834195ms] [LOG] [Fast Refresh] rebuilding @ http://localhost:3000/_next/static/chunks/node_modules_next_dist_1ybzpk2._.js:2477
[  834233ms] [LOG] [Fast Refresh] done in 68ms @ http://localhost:3000/_next/static/chunks/node_modules_next_dist_1ybzpk2._.js:2477
[  834348ms] [LOG] [Fast Refresh] rebuilding @ http://localhost:3000/_next/static/chunks/node_modules_next_dist_1ybzpk2._.js:2477
[  834410ms] [LOG] [Fast Refresh] done in 173ms @ http://localhost:3000/_next/static/chunks/node_modules_next_dist_1ybzpk2._.js:2477
[  834780ms] [ERROR] WebSocket connection to 'ws://localhost:8000/ws/game/10/?token=1369b985a462e67846e3c399449903083cc189ad' failed: Error during WebSocket handshake: Unexpected response code: 403 @ http://localhost:3000/_next/static/chunks/_17dxgbw._.js:769
[  837106ms] [ERROR] WebSocket connection to 'ws://localhost:8000/ws/game/10/?token=1369b985a462e67846e3c399449903083cc189ad' failed: Error during WebSocket handshake: Unexpected response code: 403 @ http://localhost:3000/_next/static/chunks/_17dxgbw._.js:769
[  839428ms] [ERROR] WebSocket connection to 'ws://localhost:8000/ws/game/10/?token=1369b985a462e67846e3c399449903083cc189ad' failed: Error during WebSocket handshake: Unexpected response code: 403 @ http://localhost:3000/_next/static/chunks/_17dxgbw._.js:769
[  841756ms] [ERROR] WebSocket connection to 'ws://localhost:8000/ws/game/10/?token=1369b985a462e67846e3c399449903083cc189ad' failed: Error during WebSocket handshake: Unexpected response code: 403 @ http://localhost:3000/_next/static/chunks/_17dxgbw._.js:769
[  844078ms] [ERROR] WebSocket connection to 'ws://localhost:8000/ws/game/10/?token=1369b985a462e67846e3c399449903083cc189ad' failed: Error during WebSocket handshake: Unexpected response code: 403 @ http://localhost:3000/_next/static/chunks/_17dxgbw._.js:769
[  845313ms] [LOG] [Fast Refresh] rebuilding @ http://localhost:3000/_next/static/chunks/node_modules_next_dist_1ybzpk2._.js:2477
[  845371ms] [LOG] [Fast Refresh] done in 78ms @ http://localhost:3000/_next/static/chunks/node_modules_next_dist_1ybzpk2._.js:2477
[  845483ms] [LOG] [Fast Refresh] rebuilding @ http://localhost:3000/_next/static/chunks/node_modules_next_dist_1ybzpk2._.js:2477
[  845595ms] [LOG] [Fast Refresh] done in 223ms @ http://localhost:3000/_next/static/chunks/node_modules_next_dist_1ybzpk2._.js:2477
[  846410ms] [ERROR] WebSocket connection to 'ws://localhost:8000/ws/game/10/?token=1369b985a462e67846e3c399449903083cc189ad' failed: Error during WebSocket handshake: Unexpected response code: 403 @ http://localhost:3000/_next/static/chunks/_17dxgbw._.js:769
[  847922ms] [LOG] [Fast Refresh] rebuilding @ http://localhost:3000/_next/static/chunks/node_modules_next_dist_1ybzpk2._.js:2477
[  847967ms] [LOG] [Fast Refresh] done in 71ms @ http://localhost:3000/_next/static/chunks/node_modules_next_dist_1ybzpk2._.js:2477
[  848082ms] [LOG] [Fast Refresh] rebuilding @ http://localhost:3000/_next/static/chunks/node_modules_next_dist_1ybzpk2._.js:2477
[  848196ms] [LOG] [Fast Refresh] done in 223ms @ http://localhost:3000/_next/static/chunks/node_modules_next_dist_1ybzpk2._.js:2477
[  848742ms] [ERROR] WebSocket connection to 'ws://localhost:8000/ws/game/10/?token=1369b985a462e67846e3c399449903083cc189ad' failed: Error during WebSocket handshake: Unexpected response code: 403 @ http://localhost:3000/_next/static/chunks/_17dxgbw._.js:769
[  850064ms] [LOG] [Fast Refresh] rebuilding @ http://localhost:3000/_next/static/chunks/node_modules_next_dist_1ybzpk2._.js:2477
[  850160ms] [LOG] [Fast Refresh] done in 46ms @ http://localhost:3000/_next/static/chunks/node_modules_next_dist_1ybzpk2._.js:2477
[  850281ms] [LOG] [Fast Refresh] rebuilding @ http://localhost:3000/_next/static/chunks/node_modules_next_dist_1ybzpk2._.js:2477
[  850336ms] [LOG] [Fast Refresh] done in 161ms @ http://localhost:3000/_next/static/chunks/node_modules_next_dist_1ybzpk2._.js:2477
[  851063ms] [ERROR] WebSocket connection to 'ws://localhost:8000/ws/game/10/?token=1369b985a462e67846e3c399449903083cc189ad' failed: Error during WebSocket handshake: Unexpected response code: 403 @ http://localhost:3000/_next/static/chunks/_17dxgbw._.js:769
[  853403ms] [ERROR] WebSocket connection to 'ws://localhost:8000/ws/game/10/?token=1369b985a462e67846e3c399449903083cc189ad' failed: Error during WebSocket handshake: Unexpected response code: 403 @ http://localhost:3000/_next/static/chunks/_17dxgbw._.js:769
[  855229ms] [LOG] [Fast Refresh] rebuilding @ http://localhost:3000/_next/static/chunks/node_modules_next_dist_1ybzpk2._.js:2477
[  855297ms] [LOG] [Fast Refresh] done in 90ms @ http://localhost:3000/_next/static/chunks/node_modules_next_dist_1ybzpk2._.js:2477
[  855411ms] [LOG] [Fast Refresh] rebuilding @ http://localhost:3000/_next/static/chunks/node_modules_next_dist_1ybzpk2._.js:2477
[  855497ms] [LOG] [Fast Refresh] done in 190ms @ http://localhost:3000/_next/static/chunks/node_modules_next_dist_1ybzpk2._.js:2477
[  855807ms] [ERROR] WebSocket connection to 'ws://localhost:8000/ws/game/10/?token=1369b985a462e67846e3c399449903083cc189ad' failed: Error during WebSocket handshake: Unexpected response code: 403 @ http://localhost:3000/_next/static/chunks/_17dxgbw._.js:769
[  856322ms] [LOG] [Fast Refresh] rebuilding @ http://localhost:3000/_next/static/chunks/node_modules_next_dist_1ybzpk2._.js:2477
[  856375ms] [LOG] [Fast Refresh] done in 91ms @ http://localhost:3000/_next/static/chunks/node_modules_next_dist_1ybzpk2._.js:2477
[  856490ms] [LOG] [Fast Refresh] rebuilding @ http://localhost:3000/_next/static/chunks/node_modules_next_dist_1ybzpk2._.js:2477
[  856563ms] [LOG] [Fast Refresh] done in 185ms @ http://localhost:3000/_next/static/chunks/node_modules_next_dist_1ybzpk2._.js:2477
[  858147ms] [ERROR] WebSocket connection to 'ws://localhost:8000/ws/game/10/?token=1369b985a462e67846e3c399449903083cc189ad' failed: Error during WebSocket handshake: Unexpected response code: 403 @ http://localhost:3000/_next/static/chunks/_17dxgbw._.js:769
[  860482ms] [ERROR] WebSocket connection to 'ws://localhost:8000/ws/game/10/?token=1369b985a462e67846e3c399449903083cc189ad' failed: Error during WebSocket handshake: Unexpected response code: 403 @ http://localhost:3000/_next/static/chunks/_17dxgbw._.js:769
[  862816ms] [ERROR] WebSocket connection to 'ws://localhost:8000/ws/game/10/?token=1369b985a462e67846e3c399449903083cc189ad' failed: Error during WebSocket handshake: Unexpected response code: 403 @ http://localhost:3000/_next/static/chunks/_17dxgbw._.js:769
[  865162ms] [ERROR] WebSocket connection to 'ws://localhost:8000/ws/game/10/?token=1369b985a462e67846e3c399449903083cc189ad' failed: Error during WebSocket handshake: Unexpected response code: 403 @ http://localhost:3000/_next/static/chunks/_17dxgbw._.js:769
[  867503ms] [ERROR] WebSocket connection to 'ws://localhost:8000/ws/game/10/?token=1369b985a462e67846e3c399449903083cc189ad' failed: Error during WebSocket handshake: Unexpected response code: 403 @ http://localhost:3000/_next/static/chunks/_17dxgbw._.js:769
[  869840ms] [ERROR] WebSocket connection to 'ws://localhost:8000/ws/game/10/?token=1369b985a462e67846e3c399449903083cc189ad' failed: Error during WebSocket handshake: Unexpected response code: 403 @ http://localhost:3000/_next/static/chunks/_17dxgbw._.js:769
[  872175ms] [ERROR] WebSocket connection to 'ws://localhost:8000/ws/game/10/?token=1369b985a462e67846e3c399449903083cc189ad' failed: Error during WebSocket handshake: Unexpected response code: 403 @ http://localhost:3000/_next/static/chunks/_17dxgbw._.js:769
[  874521ms] [ERROR] WebSocket connection to 'ws://localhost:8000/ws/game/10/?token=1369b985a462e67846e3c399449903083cc189ad' failed: Error during WebSocket handshake: Unexpected response code: 403 @ http://localhost:3000/_next/static/chunks/_17dxgbw._.js:769
[  876877ms] [ERROR] WebSocket connection to 'ws://localhost:8000/ws/game/10/?token=1369b985a462e67846e3c399449903083cc189ad' failed: Error during WebSocket handshake: Unexpected response code: 403 @ http://localhost:3000/_next/static/chunks/_17dxgbw._.js:769
[  879239ms] [ERROR] WebSocket connection to 'ws://localhost:8000/ws/game/10/?token=1369b985a462e67846e3c399449903083cc189ad' failed: Error during WebSocket handshake: Unexpected response code: 403 @ http://localhost:3000/_next/static/chunks/_17dxgbw._.js:769
[  881580ms] [ERROR] WebSocket connection to 'ws://localhost:8000/ws/game/10/?token=1369b985a462e67846e3c399449903083cc189ad' failed: Error during WebSocket handshake: Unexpected response code: 403 @ http://localhost:3000/_next/static/chunks/_17dxgbw._.js:769
[  883927ms] [ERROR] WebSocket connection to 'ws://localhost:8000/ws/game/10/?token=1369b985a462e67846e3c399449903083cc189ad' failed: Error during WebSocket handshake: Unexpected response code: 403 @ http://localhost:3000/_next/static/chunks/_17dxgbw._.js:769
[  886288ms] [ERROR] WebSocket connection to 'ws://localhost:8000/ws/game/10/?token=1369b985a462e67846e3c399449903083cc189ad' failed: Error during WebSocket handshake: Unexpected response code: 403 @ http://localhost:3000/_next/static/chunks/_17dxgbw._.js:769
[  888695ms] [ERROR] WebSocket connection to 'ws://localhost:8000/ws/game/10/?token=1369b985a462e67846e3c399449903083cc189ad' failed: Error during WebSocket handshake: Unexpected response code: 403 @ http://localhost:3000/_next/static/chunks/_17dxgbw._.js:769
[  891093ms] [ERROR] WebSocket connection to 'ws://localhost:8000/ws/game/10/?token=1369b985a462e67846e3c399449903083cc189ad' failed: Error during WebSocket handshake: Unexpected response code: 403 @ http://localhost:3000/_next/static/chunks/_17dxgbw._.js:769
[  893521ms] [ERROR] WebSocket connection to 'ws://localhost:8000/ws/game/10/?token=1369b985a462e67846e3c399449903083cc189ad' failed: Error during WebSocket handshake: Unexpected response code: 403 @ http://localhost:3000/_next/static/chunks/_17dxgbw._.js:769
[  895914ms] [ERROR] WebSocket connection to 'ws://localhost:8000/ws/game/10/?token=1369b985a462e67846e3c399449903083cc189ad' failed: Error during WebSocket handshake: Unexpected response code: 403 @ http://localhost:3000/_next/static/chunks/_17dxgbw._.js:769
[  898389ms] [ERROR] WebSocket connection to 'ws://localhost:8000/ws/game/10/?token=1369b985a462e67846e3c399449903083cc189ad' failed: Error during WebSocket handshake: Unexpected response code: 403 @ http://localhost:3000/_next/static/chunks/_17dxgbw._.js:769
[  900989ms] [ERROR] WebSocket connection to 'ws://localhost:8000/ws/game/10/?token=1369b985a462e67846e3c399449903083cc189ad' failed: Error during WebSocket handshake: Unexpected response code: 403 @ http://localhost:3000/_next/static/chunks/_17dxgbw._.js:769
[  903027ms] [LOG] [Fast Refresh] rebuilding @ http://localhost:3000/_next/static/chunks/node_modules_next_dist_1ybzpk2._.js:2477
[  903094ms] [LOG] [Fast Refresh] done in 21ms @ http://localhost:3000/_next/static/chunks/node_modules_next_dist_1ybzpk2._.js:2477
[  903623ms] [ERROR] WebSocket connection to 'ws://localhost:8000/ws/game/10/?token=1369b985a462e67846e3c399449903083cc189ad' failed: Error during WebSocket handshake: Unexpected response code: 403 @ http://localhost:3000/_next/static/chunks/_17dxgbw._.js:769
[  906258ms] [ERROR] WebSocket connection to 'ws://localhost:8000/ws/game/10/?token=1369b985a462e67846e3c399449903083cc189ad' failed: Error during WebSocket handshake: Unexpected response code: 403 @ http://localhost:3000/_next/static/chunks/_17dxgbw._.js:769
[  909099ms] [ERROR] WebSocket connection to 'ws://localhost:8000/ws/game/10/?token=1369b985a462e67846e3c399449903083cc189ad' failed: Error during WebSocket handshake: Unexpected response code: 403 @ http://localhost:3000/_next/static/chunks/_17dxgbw._.js:769
[  912036ms] [ERROR] WebSocket connection to 'ws://localhost:8000/ws/game/10/?token=1369b985a462e67846e3c399449903083cc189ad' failed: Error during WebSocket handshake: Unexpected response code: 403 @ http://localhost:3000/_next/static/chunks/_17dxgbw._.js:769
[  915078ms] [ERROR] WebSocket connection to 'ws://localhost:8000/ws/game/10/?token=1369b985a462e67846e3c399449903083cc189ad' failed: Error during WebSocket handshake: Unexpected response code: 403 @ http://localhost:3000/_next/static/chunks/_17dxgbw._.js:769
[  918021ms] [ERROR] WebSocket connection to 'ws://localhost:8000/ws/game/10/?token=1369b985a462e67846e3c399449903083cc189ad' failed: Error during WebSocket handshake: Unexpected response code: 403 @ http://localhost:3000/_next/static/chunks/_17dxgbw._.js:769
[  921185ms] [ERROR] WebSocket connection to 'ws://localhost:8000/ws/game/10/?token=1369b985a462e67846e3c399449903083cc189ad' failed: Error during WebSocket handshake: Unexpected response code: 403 @ http://localhost:3000/_next/static/chunks/_17dxgbw._.js:769
[  924386ms] [LOG] [Fast Refresh] rebuilding @ http://localhost:3000/_next/static/chunks/node_modules_next_dist_1ybzpk2._.js:2477
[  924428ms] [LOG] [Fast Refresh] done in 14ms @ http://localhost:3000/_next/static/chunks/node_modules_next_dist_1ybzpk2._.js:2477
[  925113ms] [ERROR] WebSocket connection to 'ws://localhost:8000/ws/game/10/?token=1369b985a462e67846e3c399449903083cc189ad' failed: Error during WebSocket handshake: Unexpected response code: 403 @ http://localhost:3000/_next/static/chunks/_17dxgbw._.js:769
[  929562ms] [ERROR] WebSocket connection to 'ws://localhost:8000/ws/game/10/?token=1369b985a462e67846e3c399449903083cc189ad' failed: Error during WebSocket handshake: Unexpected response code: 403 @ http://localhost:3000/_next/static/chunks/_17dxgbw._.js:769
[  934055ms] [ERROR] WebSocket connection to 'ws://localhost:8000/ws/game/10/?token=1369b985a462e67846e3c399449903083cc189ad' failed: Error during WebSocket handshake: Unexpected response code: 403 @ http://localhost:3000/_next/static/chunks/_17dxgbw._.js:769
[  939639ms] [ERROR] WebSocket connection to 'ws://localhost:8000/ws/game/10/?token=1369b985a462e67846e3c399449903083cc189ad' failed: Error during WebSocket handshake: Unexpected response code: 403 @ http://localhost:3000/_next/static/chunks/_17dxgbw._.js:769
[  944001ms] [ERROR] WebSocket connection to 'ws://localhost:8000/ws/game/10/?token=1369b985a462e67846e3c399449903083cc189ad' failed: Error during WebSocket handshake: Unexpected response code: 403 @ http://localhost:3000/_next/static/chunks/_17dxgbw._.js:769
[  948847ms] [ERROR] WebSocket connection to 'ws://localhost:8000/ws/game/10/?token=1369b985a462e67846e3c399449903083cc189ad' failed: Error during WebSocket handshake: Unexpected response code: 403 @ http://localhost:3000/_next/static/chunks/_17dxgbw._.js:769
[  953113ms] [ERROR] WebSocket connection to 'ws://localhost:8000/ws/game/10/?token=1369b985a462e67846e3c399449903083cc189ad' failed: Error during WebSocket handshake: Unexpected response code: 403 @ http://localhost:3000/_next/static/chunks/_17dxgbw._.js:769
[  957988ms] [ERROR] WebSocket connection to 'ws://localhost:8000/ws/game/10/?token=1369b985a462e67846e3c399449903083cc189ad' failed: Error during WebSocket handshake: Unexpected response code: 403 @ http://localhost:3000/_next/static/chunks/_17dxgbw._.js:769
[  963714ms] [ERROR] WebSocket connection to 'ws://localhost:8000/ws/game/10/?token=1369b985a462e67846e3c399449903083cc189ad' failed: Error during WebSocket handshake: Unexpected response code: 403 @ http://localhost:3000/_next/static/chunks/_17dxgbw._.js:769
